<?xml version="1.0" encoding="UTF-8"?>
<testsuites>
    <testsuite name="dechat-es-6a-ii;bad-credential,-we-don&apos;t-reach-the-home-page" tests="3" failures="0" skipped="0">
        <properties>
            <property name="URI" value="D:/Documents/S6/ASW/Practicas/dechat_es6a2/features/dechat-es6a-II.feature">
            </property>
        </properties>
        <testcase name="Given We visit the &quot;https://arquisoft.github.io/dechat_es6a2&quot;" classname="dechat-es-6a-ii;bad-credential,-we-don&apos;t-reach-the-home-page" time="7.645363727">
        </testcase>
        <testcase name="And We put the bad credentials username &quot;unexistent&quot; and password &quot;unexistent&quot;" classname="dechat-es-6a-ii;bad-credential,-we-don&apos;t-reach-the-home-page" time="3.707712443">
        </testcase>
        <testcase name="Then We click on &quot;login&quot; we will stay on the same page and no messages shown" classname="dechat-es-6a-ii;bad-credential,-we-don&apos;t-reach-the-home-page" time="0.658417768">
        </testcase>
    </testsuite>
    <testsuite name="dechat-es-6a-ii;good-credential,-we-reach-the-home-page" tests="3" failures="0" skipped="0">
        <properties>
            <property name="URI" value="D:/Documents/S6/ASW/Practicas/dechat_es6a2/features/dechat-es6a-II.feature">
            </property>
        </properties>
        <testcase name="Given We visit the &quot;https://arquisoft.github.io/dechat_es6a2&quot;" classname="dechat-es-6a-ii;good-credential,-we-reach-the-home-page" time="9.725598885">
        </testcase>
        <testcase name="And We put the good credentials username &quot;asw&quot; and password &quot;asw-2018-19&quot;" classname="dechat-es-6a-ii;good-credential,-we-reach-the-home-page" time="4.666688">
        </testcase>
        <testcase name="Then We click and we reach the home page with the messages shown" classname="dechat-es-6a-ii;good-credential,-we-reach-the-home-page" time="9.395753556">
        </testcase>
    </testsuite>
    <testsuite name="dechat-es-6a-ii;when-the-user-is-logged-in,-we-select-a-friend-and-write-a-message" tests="4" failures="0" skipped="0">
        <properties>
            <property name="URI" value="D:/Documents/S6/ASW/Practicas/dechat_es6a2/features/dechat-es6a-II.feature">
            </property>
        </properties>
        <testcase name="Given We visit the &quot;https://arquisoft.github.io/dechat_es6a2&quot;" classname="dechat-es-6a-ii;when-the-user-is-logged-in,-we-select-a-friend-and-write-a-message" time="9.02582008">
        </testcase>
        <testcase name="And We put the good credentials username &quot;asw&quot; and password &quot;asw-2018-19&quot; and click on &quot;login&quot;" classname="dechat-es-6a-ii;when-the-user-is-logged-in,-we-select-a-friend-and-write-a-message" time="4.888678584">
        </testcase>
        <testcase name="Then the messages will appear and we an existing conversation" classname="dechat-es-6a-ii;when-the-user-is-logged-in,-we-select-a-friend-and-write-a-message" time="9.028868379">
        </testcase>
        <testcase name="Then we send the implicated friend a message &quot;hi friend&quot;" classname="dechat-es-6a-ii;when-the-user-is-logged-in,-we-select-a-friend-and-write-a-message" time="0.50722786">
        </testcase>
    </testsuite>
    <testsuite name="dechat-es-6a-ii;when-the-user-is-logged-in,-we-select-a-friend-and-write-a-message" tests="4" failures="0" skipped="3">
        <properties>
            <property name="URI" value="D:/Documents/S6/ASW/Practicas/dechat_es6a2/features/dechat-es6a-II.feature">
            </property>
        </properties>
        <testcase name="Given We visit the &quot;https://arquisoft.github.io/dechat_es6a2&quot;" classname="dechat-es-6a-ii;when-the-user-is-logged-in,-we-select-a-friend-and-write-a-message" time="11.595604854">
        </testcase>
        <testcase name="And We put the credentials username &quot;asw&quot; and password &quot;asw-2018-19&quot; and click on &quot;login&quot;" classname="dechat-es-6a-ii;when-the-user-is-logged-in,-we-select-a-friend-and-write-a-message">
            <skipped message="">
            </skipped>
        </testcase>
        <testcase name="Then the messages will appear and we select a friend in the friends&apos; section" classname="dechat-es-6a-ii;when-the-user-is-logged-in,-we-select-a-friend-and-write-a-message">
            <skipped message="">
            </skipped>
        </testcase>
        <testcase name="Then create a new conversation and write a message &quot;why hello there&quot;" classname="dechat-es-6a-ii;when-the-user-is-logged-in,-we-select-a-friend-and-write-a-message">
            <skipped message="">
            </skipped>
        </testcase>
    </testsuite>
    <testsuite name="dechat-es-6a-ii;google-search-for-arquisoft" tests="2" failures="0" skipped="0">
        <properties>
            <property name="URI" value="D:/Documents/S6/ASW/Practicas/dechat_es6a2/features/dechat-es6a-II.feature">
            </property>
        </properties>
        <testcase name="When I search Google for &quot;arquisoft&quot;" classname="dechat-es-6a-ii;google-search-for-arquisoft" time="8.994345475">
        </testcase>
        <testcase name="Then I should see &quot;GitHub&quot; in the result" classname="dechat-es-6a-ii;google-search-for-arquisoft" time="2.295051807">
        </testcase>
    </testsuite>
</testsuites>