<?xml version="1.0" encoding="UTF-8"?>
<testsuites>
    <testsuite name="dechat-es-6a-ii;bad-credential,-we-don&apos;t-reach-the-home-page" tests="3" failures="0" skipped="0">
        <properties>
            <property name="URI" value="D:/Documents/S6/ASW/Practicas/dechat_es6a2/features/dechat-es6a-II.feature">
            </property>
        </properties>
        <testcase name="Given We visit the &quot;https://arquisoft.github.io/dechat_es6a2&quot;" classname="dechat-es-6a-ii;bad-credential,-we-don&apos;t-reach-the-home-page" time="8.546273222">
        </testcase>
        <testcase name="And We put the bad credentials username &quot;unexistent&quot; and password &quot;unexistent&quot;" classname="dechat-es-6a-ii;bad-credential,-we-don&apos;t-reach-the-home-page" time="2.63493739">
        </testcase>
        <testcase name="Then We click on &quot;login&quot; we will stay on the same page and no messages shown" classname="dechat-es-6a-ii;bad-credential,-we-don&apos;t-reach-the-home-page" time="0.530345506">
        </testcase>
    </testsuite>
    <testsuite name="dechat-es-6a-ii;good-credential,-we-reach-the-home-page" tests="3" failures="1" skipped="0">
        <properties>
            <property name="URI" value="D:/Documents/S6/ASW/Practicas/dechat_es6a2/features/dechat-es6a-II.feature">
            </property>
        </properties>
        <testcase name="Given We visit the &quot;https://arquisoft.github.io/dechat_es6a2&quot;" classname="dechat-es-6a-ii;good-credential,-we-reach-the-home-page" time="12.742812241">
        </testcase>
        <testcase name="And We put the good credentials username &quot;asw&quot; and password &quot;asw-2018-19&quot;" classname="dechat-es-6a-ii;good-credential,-we-reach-the-home-page" time="2.696020698">
        </testcase>
        <testcase name="Then We click and we reach the home page with the messages shown" classname="dechat-es-6a-ii;good-credential,-we-reach-the-home-page" time="20.025987576">
            <failure message="TimeoutError: Waiting for at least one element to be located By(xpath, //*[@id=&apos;chatwindow0&apos;]/div[1]/div/h1)">TimeoutError: Waiting for at least one element to be located By(xpath, //*[@id=&apos;chatwindow0&apos;]/div[1]/div/h1)
Wait timed out after 20009ms
    at D:\Documents\S6\ASW\Practicas\dechat_es6a2\node_modules\selenium-cucumber-js\node_modules\selenium-webdriver\lib\promise.js:2209:17
    at ManagedPromise.invokeCallback_ (D:\Documents\S6\ASW\Practicas\dechat_es6a2\node_modules\selenium-cucumber-js\node_modules\selenium-webdriver\lib\promise.js:1384:14)
    at TaskQueue.execute_ (D:\Documents\S6\ASW\Practicas\dechat_es6a2\node_modules\selenium-cucumber-js\node_modules\selenium-webdriver\lib\promise.js:3092:14)
    at TaskQueue.executeNext_ (D:\Documents\S6\ASW\Practicas\dechat_es6a2\node_modules\selenium-cucumber-js\node_modules\selenium-webdriver\lib\promise.js:3075:27)
    at asyncRun (D:\Documents\S6\ASW\Practicas\dechat_es6a2\node_modules\selenium-cucumber-js\node_modules\selenium-webdriver\lib\promise.js:2935:27)
    at D:\Documents\S6\ASW\Practicas\dechat_es6a2\node_modules\selenium-cucumber-js\node_modules\selenium-webdriver\lib\promise.js:676:7
    at process._tickCallback (internal/process/next_tick.js:68:7)
From: Task: Waiting for at least one element to be located By(xpath, //*[@id=&apos;chatwindow0&apos;]/div[1]/div/h1)
    at scheduleWait (D:\Documents\S6\ASW\Practicas\dechat_es6a2\node_modules\selenium-cucumber-js\node_modules\selenium-webdriver\lib\promise.js:2196:20)
    at ControlFlow.wait (D:\Documents\S6\ASW\Practicas\dechat_es6a2\node_modules\selenium-cucumber-js\node_modules\selenium-webdriver\lib\promise.js:2525:12)
    at thenableWebDriverProxy.wait (D:\Documents\S6\ASW\Practicas\dechat_es6a2\node_modules\selenium-cucumber-js\node_modules\selenium-webdriver\lib\webdriver.js:934:29)
    at driver.findElement.then (D:\Documents\S6\ASW\Practicas\dechat_es6a2\step-definitions\dechat-steps.js:110:32)
    at ManagedPromise.invokeCallback_ (D:\Documents\S6\ASW\Practicas\dechat_es6a2\node_modules\selenium-cucumber-js\node_modules\selenium-webdriver\lib\promise.js:1384:14)
    at TaskQueue.execute_ (D:\Documents\S6\ASW\Practicas\dechat_es6a2\node_modules\selenium-cucumber-js\node_modules\selenium-webdriver\lib\promise.js:3092:14)
    at TaskQueue.executeNext_ (D:\Documents\S6\ASW\Practicas\dechat_es6a2\node_modules\selenium-cucumber-js\node_modules\selenium-webdriver\lib\promise.js:3075:27)
    at asyncRun (D:\Documents\S6\ASW\Practicas\dechat_es6a2\node_modules\selenium-cucumber-js\node_modules\selenium-webdriver\lib\promise.js:2935:27)
    at D:\Documents\S6\ASW\Practicas\dechat_es6a2\node_modules\selenium-cucumber-js\node_modules\selenium-webdriver\lib\promise.js:676:7
    at process._tickCallback (internal/process/next_tick.js:68:7)</failure>
        </testcase>
    </testsuite>
    <testsuite name="dechat-es-6a-ii;when-the-user-is-logged-in,-we-select-a-friend-and-write-a-message" tests="4" failures="1" skipped="1">
        <properties>
            <property name="URI" value="D:/Documents/S6/ASW/Practicas/dechat_es6a2/features/dechat-es6a-II.feature">
            </property>
        </properties>
        <testcase name="Given We visit the &quot;https://arquisoft.github.io/dechat_es6a2&quot;" classname="dechat-es-6a-ii;when-the-user-is-logged-in,-we-select-a-friend-and-write-a-message" time="5.711170142">
        </testcase>
        <testcase name="And We put the good credentials username &quot;asw&quot; and password &quot;asw-2018-19&quot; and click on &quot;login&quot;" classname="dechat-es-6a-ii;when-the-user-is-logged-in,-we-select-a-friend-and-write-a-message" time="2.379687016">
        </testcase>
        <testcase name="Then the messages will appear and we an existing conversation" classname="dechat-es-6a-ii;when-the-user-is-logged-in,-we-select-a-friend-and-write-a-message" time="20.0189132">
            <failure message="TimeoutError: Waiting for at least one element to be located By(xpath, //*[@id=&apos;chatwindow0&apos;]/div[1]/div/h1)">TimeoutError: Waiting for at least one element to be located By(xpath, //*[@id=&apos;chatwindow0&apos;]/div[1]/div/h1)
Wait timed out after 20003ms
    at D:\Documents\S6\ASW\Practicas\dechat_es6a2\node_modules\selenium-cucumber-js\node_modules\selenium-webdriver\lib\promise.js:2209:17
    at ManagedPromise.invokeCallback_ (D:\Documents\S6\ASW\Practicas\dechat_es6a2\node_modules\selenium-cucumber-js\node_modules\selenium-webdriver\lib\promise.js:1384:14)
    at TaskQueue.execute_ (D:\Documents\S6\ASW\Practicas\dechat_es6a2\node_modules\selenium-cucumber-js\node_modules\selenium-webdriver\lib\promise.js:3092:14)
    at TaskQueue.executeNext_ (D:\Documents\S6\ASW\Practicas\dechat_es6a2\node_modules\selenium-cucumber-js\node_modules\selenium-webdriver\lib\promise.js:3075:27)
    at asyncRun (D:\Documents\S6\ASW\Practicas\dechat_es6a2\node_modules\selenium-cucumber-js\node_modules\selenium-webdriver\lib\promise.js:2935:27)
    at D:\Documents\S6\ASW\Practicas\dechat_es6a2\node_modules\selenium-cucumber-js\node_modules\selenium-webdriver\lib\promise.js:676:7
    at process._tickCallback (internal/process/next_tick.js:68:7)
From: Task: Waiting for at least one element to be located By(xpath, //*[@id=&apos;chatwindow0&apos;]/div[1]/div/h1)
    at scheduleWait (D:\Documents\S6\ASW\Practicas\dechat_es6a2\node_modules\selenium-cucumber-js\node_modules\selenium-webdriver\lib\promise.js:2196:20)
    at ControlFlow.wait (D:\Documents\S6\ASW\Practicas\dechat_es6a2\node_modules\selenium-cucumber-js\node_modules\selenium-webdriver\lib\promise.js:2525:12)
    at thenableWebDriverProxy.wait (D:\Documents\S6\ASW\Practicas\dechat_es6a2\node_modules\selenium-cucumber-js\node_modules\selenium-webdriver\lib\webdriver.js:934:29)
    at driver.wait.then (D:\Documents\S6\ASW\Practicas\dechat_es6a2\step-definitions\dechat-steps.js:162:39)
    at ManagedPromise.invokeCallback_ (D:\Documents\S6\ASW\Practicas\dechat_es6a2\node_modules\selenium-cucumber-js\node_modules\selenium-webdriver\lib\promise.js:1384:14)
    at TaskQueue.execute_ (D:\Documents\S6\ASW\Practicas\dechat_es6a2\node_modules\selenium-cucumber-js\node_modules\selenium-webdriver\lib\promise.js:3092:14)
    at TaskQueue.executeNext_ (D:\Documents\S6\ASW\Practicas\dechat_es6a2\node_modules\selenium-cucumber-js\node_modules\selenium-webdriver\lib\promise.js:3075:27)
    at asyncRun (D:\Documents\S6\ASW\Practicas\dechat_es6a2\node_modules\selenium-cucumber-js\node_modules\selenium-webdriver\lib\promise.js:2935:27)
    at D:\Documents\S6\ASW\Practicas\dechat_es6a2\node_modules\selenium-cucumber-js\node_modules\selenium-webdriver\lib\promise.js:676:7
    at process._tickCallback (internal/process/next_tick.js:68:7)</failure>
        </testcase>
        <testcase name="Then we send the implicated friend a message &quot;hi friend&quot;" classname="dechat-es-6a-ii;when-the-user-is-logged-in,-we-select-a-friend-and-write-a-message">
            <skipped message="">
            </skipped>
        </testcase>
    </testsuite>
    <testsuite name="dechat-es-6a-ii;when-the-user-is-logged-in,-we-should-see-friends-and-add-contacts/groups-icons" tests="4" failures="1" skipped="0">
        <properties>
            <property name="URI" value="D:/Documents/S6/ASW/Practicas/dechat_es6a2/features/dechat-es6a-II.feature">
            </property>
        </properties>
        <testcase name="Given We visit the &quot;https://arquisoft.github.io/dechat_es6a2&quot;" classname="dechat-es-6a-ii;when-the-user-is-logged-in,-we-should-see-friends-and-add-contacts/groups-icons" time="5.6796675">
        </testcase>
        <testcase name="And We put the credentials username &quot;asw&quot; and password &quot;asw-2018-19&quot; and click on &quot;login&quot;" classname="dechat-es-6a-ii;when-the-user-is-logged-in,-we-should-see-friends-and-add-contacts/groups-icons" time="2.680010414">
        </testcase>
        <testcase name="Then the messages will appear and we select a friend in the friends&apos; section" classname="dechat-es-6a-ii;when-the-user-is-logged-in,-we-should-see-friends-and-add-contacts/groups-icons" time="0.024529797">
        </testcase>
        <testcase name="Then we should see friends and add groups and friends menu" classname="dechat-es-6a-ii;when-the-user-is-logged-in,-we-should-see-friends-and-add-contacts/groups-icons" time="20.023682784">
            <failure message="TimeoutError: Waiting for at least one element to be located By(xpath, //*[@id=&apos;chatwindow0&apos;]/div[1]/div/h1)">TimeoutError: Waiting for at least one element to be located By(xpath, //*[@id=&apos;chatwindow0&apos;]/div[1]/div/h1)
Wait timed out after 20014ms
    at D:\Documents\S6\ASW\Practicas\dechat_es6a2\node_modules\selenium-cucumber-js\node_modules\selenium-webdriver\lib\promise.js:2209:17
    at ManagedPromise.invokeCallback_ (D:\Documents\S6\ASW\Practicas\dechat_es6a2\node_modules\selenium-cucumber-js\node_modules\selenium-webdriver\lib\promise.js:1384:14)
    at TaskQueue.execute_ (D:\Documents\S6\ASW\Practicas\dechat_es6a2\node_modules\selenium-cucumber-js\node_modules\selenium-webdriver\lib\promise.js:3092:14)
    at TaskQueue.executeNext_ (D:\Documents\S6\ASW\Practicas\dechat_es6a2\node_modules\selenium-cucumber-js\node_modules\selenium-webdriver\lib\promise.js:3075:27)
    at asyncRun (D:\Documents\S6\ASW\Practicas\dechat_es6a2\node_modules\selenium-cucumber-js\node_modules\selenium-webdriver\lib\promise.js:2935:27)
    at D:\Documents\S6\ASW\Practicas\dechat_es6a2\node_modules\selenium-cucumber-js\node_modules\selenium-webdriver\lib\promise.js:676:7
    at process._tickCallback (internal/process/next_tick.js:68:7)
From: Task: Waiting for at least one element to be located By(xpath, //*[@id=&apos;chatwindow0&apos;]/div[1]/div/h1)
    at scheduleWait (D:\Documents\S6\ASW\Practicas\dechat_es6a2\node_modules\selenium-cucumber-js\node_modules\selenium-webdriver\lib\promise.js:2196:20)
    at ControlFlow.wait (D:\Documents\S6\ASW\Practicas\dechat_es6a2\node_modules\selenium-cucumber-js\node_modules\selenium-webdriver\lib\promise.js:2525:12)
    at thenableWebDriverProxy.wait (D:\Documents\S6\ASW\Practicas\dechat_es6a2\node_modules\selenium-cucumber-js\node_modules\selenium-webdriver\lib\webdriver.js:934:29)
    at driver.wait.then (D:\Documents\S6\ASW\Practicas\dechat_es6a2\step-definitions\dechat-steps.js:236:39)
    at ManagedPromise.invokeCallback_ (D:\Documents\S6\ASW\Practicas\dechat_es6a2\node_modules\selenium-cucumber-js\node_modules\selenium-webdriver\lib\promise.js:1384:14)
    at TaskQueue.execute_ (D:\Documents\S6\ASW\Practicas\dechat_es6a2\node_modules\selenium-cucumber-js\node_modules\selenium-webdriver\lib\promise.js:3092:14)
    at TaskQueue.executeNext_ (D:\Documents\S6\ASW\Practicas\dechat_es6a2\node_modules\selenium-cucumber-js\node_modules\selenium-webdriver\lib\promise.js:3075:27)
    at asyncRun (D:\Documents\S6\ASW\Practicas\dechat_es6a2\node_modules\selenium-cucumber-js\node_modules\selenium-webdriver\lib\promise.js:2935:27)
    at D:\Documents\S6\ASW\Practicas\dechat_es6a2\node_modules\selenium-cucumber-js\node_modules\selenium-webdriver\lib\promise.js:676:7
    at process._tickCallback (internal/process/next_tick.js:68:7)</failure>
        </testcase>
    </testsuite>
    <testsuite name="dechat-es-6a-ii;google-search-for-our-application-es6a-ii" tests="2" failures="0" skipped="0">
        <properties>
            <property name="URI" value="D:/Documents/S6/ASW/Practicas/dechat_es6a2/features/dechat-es6a-II.feature">
            </property>
        </properties>
        <testcase name="When I search Google for &quot;dechat_es6a2&quot;" classname="dechat-es-6a-ii;google-search-for-our-application-es6a-ii" time="5.280531975">
        </testcase>
        <testcase name="Then I should see &quot;Arquisoft&quot; in the result" classname="dechat-es-6a-ii;google-search-for-our-application-es6a-ii" time="0.56434731">
        </testcase>
    </testsuite>
</testsuites>