<?xml version="1.0" encoding="UTF-8"?>
<testsuites>
    <testsuite name="dechat-es-6a-ii;bad-credential,-we-reach-the-home-page" tests="3" failures="0" skipped="0">
        <properties>
            <property name="URI" value="D:/Documents/S6/ASW/Practicas/dechat_es6a2/features/dechat-es6a-II.feature">
            </property>
        </properties>
        <testcase name="Given We visit the &quot;https://arquisoft.github.io/dechat_es6a2&quot;" classname="dechat-es-6a-ii;bad-credential,-we-reach-the-home-page" time="4.815228621">
        </testcase>
        <testcase name="And We put the bad credentials username &quot;unexistent&quot; and password &quot;unexistent&quot;" classname="dechat-es-6a-ii;bad-credential,-we-reach-the-home-page" time="1.65887683">
        </testcase>
        <testcase name="Then We click on &quot;login&quot; we will stay on the same page and no messages shown" classname="dechat-es-6a-ii;bad-credential,-we-reach-the-home-page" time="0.305576263">
        </testcase>
    </testsuite>
    <testsuite name="dechat-es-6a-ii;good-credential,-we-reach-the-home-page" tests="3" failures="0" skipped="0">
        <properties>
            <property name="URI" value="D:/Documents/S6/ASW/Practicas/dechat_es6a2/features/dechat-es6a-II.feature">
            </property>
        </properties>
        <testcase name="Given We visit the &quot;https://arquisoft.github.io/dechat_es6a2&quot;" classname="dechat-es-6a-ii;good-credential,-we-reach-the-home-page" time="4.524865412">
        </testcase>
        <testcase name="And We put the good credentials username &quot;asw&quot; and password &quot;asw-2018-19&quot;" classname="dechat-es-6a-ii;good-credential,-we-reach-the-home-page" time="2.186508468">
        </testcase>
        <testcase name="Then We click and we reach the home page with the messages shown" classname="dechat-es-6a-ii;good-credential,-we-reach-the-home-page" time="8.710190668">
        </testcase>
    </testsuite>
    <testsuite name="dechat-es-6a-ii;google-search-for-arquisoft" tests="2" failures="0" skipped="0">
        <properties>
            <property name="URI" value="D:/Documents/S6/ASW/Practicas/dechat_es6a2/features/dechat-es6a-II.feature">
            </property>
        </properties>
        <testcase name="When I search Google for &quot;arquisoft&quot;" classname="dechat-es-6a-ii;google-search-for-arquisoft" time="4.511980854">
        </testcase>
        <testcase name="Then I should see &quot;GitHub&quot; in the result" classname="dechat-es-6a-ii;google-search-for-arquisoft" time="0.685084466">
        </testcase>
    </testsuite>
</testsuites>