<?xml version="1.0" encoding="UTF-8"?>
<testsuites>
    <testsuite name="google-search-testing;google-search-for-voter-cards-app" tests="2" failures="0" skipped="0">
        <properties>
            <property name="URI" value="D:/Documents/S6/ASW/Practicas/dechat_es6a2/features/google-search.feature">
            </property>
        </properties>
        <testcase name="When I search Google for &quot;itunes vote cards app&quot;" classname="google-search-testing;google-search-for-voter-cards-app" time="5.355985295">
        </testcase>
        <testcase name="Then I should see &quot;Outvote&quot; in the result" classname="google-search-testing;google-search-for-voter-cards-app" time="0.701031311">
        </testcase>
    </testsuite>
</testsuites>